[35m[1mScanning dependencies of target blackboard_interfaces__cpp[0m
[  3%] [34m[1mGenerating C code for ROS interfaces[0m
[  6%] [34m[1mGenerating C++ code for ROS interfaces[0m
[  6%] Built target blackboard_interfaces__cpp
[ 10%] [34m[1mGenerating C++ type support for eProsima Fast-RTPS[0m
[ 13%] [34m[1mGenerating C++ introspection for ROS interfaces[0m
[35m[1mScanning dependencies of target blackboard_interfaces__rosidl_generator_c[0m
[ 17%] [32mBuilding C object CMakeFiles/blackboard_interfaces__rosidl_generator_c.dir/rosidl_generator_c/blackboard_interfaces/msg/task_msg__functions.c.o[0m
[ 20%] [32m[1mLinking C shared library libblackboard_interfaces__rosidl_generator_c.so[0m
[ 20%] Built target blackboard_interfaces__rosidl_generator_c
[ 24%] [34m[1mGenerating C introspection for ROS interfaces[0m
[35m[1mScanning dependencies of target blackboard_interfaces__rosidl_typesupport_introspection_cpp[0m
[35m[1mScanning dependencies of target blackboard_interfaces__rosidl_typesupport_fastrtps_cpp[0m
[ 27%] [32mBuilding CXX object CMakeFiles/blackboard_interfaces__rosidl_typesupport_introspection_cpp.dir/rosidl_typesupport_introspection_cpp/blackboard_interfaces/msg/task_msg__type_support.cpp.o[0m
[ 31%] [32mBuilding CXX object CMakeFiles/blackboard_interfaces__rosidl_typesupport_fastrtps_cpp.dir/rosidl_typesupport_fastrtps_cpp/blackboard_interfaces/msg/dds_fastrtps/task_msg__type_support.cpp.o[0m
[35m[1mScanning dependencies of target blackboard_interfaces__rosidl_typesupport_introspection_c[0m
[ 34%] [32mBuilding C object CMakeFiles/blackboard_interfaces__rosidl_typesupport_introspection_c.dir/rosidl_typesupport_introspection_c/blackboard_interfaces/msg/task_msg__type_support.c.o[0m
[ 37%] [32m[1mLinking C shared library libblackboard_interfaces__rosidl_typesupport_introspection_c.so[0m
[ 37%] Built target blackboard_interfaces__rosidl_typesupport_introspection_c
[ 41%] [32m[1mLinking CXX shared library libblackboard_interfaces__rosidl_typesupport_introspection_cpp.so[0m
[ 41%] Built target blackboard_interfaces__rosidl_typesupport_introspection_cpp
[ 44%] [32m[1mLinking CXX shared library libblackboard_interfaces__rosidl_typesupport_fastrtps_cpp.so[0m
[ 44%] Built target blackboard_interfaces__rosidl_typesupport_fastrtps_cpp
[ 48%] [34m[1mGenerating C type support for eProsima Fast-RTPS[0m
[ 51%] [34m[1mGenerating C++ type support dispatch for ROS interfaces[0m
[35m[1mScanning dependencies of target blackboard_interfaces__rosidl_typesupport_cpp[0m
[ 55%] [32mBuilding CXX object CMakeFiles/blackboard_interfaces__rosidl_typesupport_cpp.dir/rosidl_typesupport_cpp/blackboard_interfaces/msg/task_msg__type_support.cpp.o[0m
[35m[1mScanning dependencies of target blackboard_interfaces__rosidl_typesupport_fastrtps_c[0m
[ 58%] [32mBuilding CXX object CMakeFiles/blackboard_interfaces__rosidl_typesupport_fastrtps_c.dir/rosidl_typesupport_fastrtps_c/blackboard_interfaces/msg/task_msg__type_support_c.cpp.o[0m
[ 62%] [32m[1mLinking CXX shared library libblackboard_interfaces__rosidl_typesupport_cpp.so[0m
[ 65%] [32m[1mLinking CXX shared library libblackboard_interfaces__rosidl_typesupport_fastrtps_c.so[0m
[ 65%] Built target blackboard_interfaces__rosidl_typesupport_cpp
[ 65%] Built target blackboard_interfaces__rosidl_typesupport_fastrtps_c
[ 68%] [34m[1mGenerating C type support dispatch for ROS interfaces[0m
[35m[1mScanning dependencies of target blackboard_interfaces__rosidl_typesupport_c[0m
[ 72%] [32mBuilding CXX object CMakeFiles/blackboard_interfaces__rosidl_typesupport_c.dir/rosidl_typesupport_c/blackboard_interfaces/msg/task_msg__type_support.cpp.o[0m
[ 75%] [32m[1mLinking CXX shared library libblackboard_interfaces__rosidl_typesupport_c.so[0m
[ 75%] Built target blackboard_interfaces__rosidl_typesupport_c
[35m[1mScanning dependencies of target blackboard_interfaces[0m
[ 75%] Built target blackboard_interfaces
[35m[1mScanning dependencies of target blackboard_interfaces__py[0m
[ 79%] [34m[1mGenerating Python code for ROS interfaces[0m
[ 79%] Built target blackboard_interfaces__py
[35m[1mScanning dependencies of target blackboard_interfaces__python[0m
[ 82%] [32mBuilding C object CMakeFiles/blackboard_interfaces__python.dir/rosidl_generator_py/blackboard_interfaces/msg/_task_msg_s.c.o[0m
[ 86%] [32m[1mLinking C shared library rosidl_generator_py/blackboard_interfaces/libblackboard_interfaces__python.so[0m
[ 86%] Built target blackboard_interfaces__python
[35m[1mScanning dependencies of target blackboard_interfaces__rosidl_typesupport_fastrtps_c__pyext[0m
[35m[1mScanning dependencies of target blackboard_interfaces__rosidl_typesupport_c__pyext[0m
[ 93%] [32mBuilding C object CMakeFiles/blackboard_interfaces__rosidl_typesupport_c__pyext.dir/rosidl_generator_py/blackboard_interfaces/_blackboard_interfaces_s.ep.rosidl_typesupport_c.c.o[0m
[ 93%] [32mBuilding C object CMakeFiles/blackboard_interfaces__rosidl_typesupport_fastrtps_c__pyext.dir/rosidl_generator_py/blackboard_interfaces/_blackboard_interfaces_s.ep.rosidl_typesupport_fastrtps_c.c.o[0m
[ 96%] [32m[1mLinking C shared library rosidl_generator_py/blackboard_interfaces/blackboard_interfaces_s__rosidl_typesupport_c.cpython-36m-x86_64-linux-gnu.so[0m
[100%] [32m[1mLinking C shared library rosidl_generator_py/blackboard_interfaces/blackboard_interfaces_s__rosidl_typesupport_fastrtps_c.cpython-36m-x86_64-linux-gnu.so[0m
[100%] Built target blackboard_interfaces__rosidl_typesupport_c__pyext
[100%] Built target blackboard_interfaces__rosidl_typesupport_fastrtps_c__pyext
[  3%] Built target blackboard_interfaces__cpp
[ 13%] Built target blackboard_interfaces__rosidl_generator_c
[ 24%] Built target blackboard_interfaces__rosidl_typesupport_introspection_c
[ 34%] Built target blackboard_interfaces__rosidl_typesupport_introspection_cpp
[ 44%] Built target blackboard_interfaces__rosidl_typesupport_fastrtps_cpp
[ 65%] Built target blackboard_interfaces__rosidl_typesupport_fastrtps_c
[ 65%] Built target blackboard_interfaces__rosidl_typesupport_cpp
[ 75%] Built target blackboard_interfaces__rosidl_typesupport_c
[ 75%] Built target blackboard_interfaces
[ 79%] Built target blackboard_interfaces__py
[ 86%] Built target blackboard_interfaces__python
[ 93%] Built target blackboard_interfaces__rosidl_typesupport_fastrtps_c__pyext
[100%] Built target blackboard_interfaces__rosidl_typesupport_c__pyext
[36mInstall the project...[0m
-- Install configuration: ""
-- Installing: /home/student/git_repo/DCRC/RobotPackage/install/blackboard_interfaces/share/ament_index/resource_index/rosidl_interfaces/blackboard_interfaces
-- Installing: /home/student/git_repo/DCRC/RobotPackage/install/blackboard_interfaces/include/blackboard_interfaces
-- Installing: /home/student/git_repo/DCRC/RobotPackage/install/blackboard_interfaces/include/blackboard_interfaces/msg
-- Installing: /home/student/git_repo/DCRC/RobotPackage/install/blackboard_interfaces/include/blackboard_interfaces/msg/task_msg.hpp
-- Installing: /home/student/git_repo/DCRC/RobotPackage/install/blackboard_interfaces/include/blackboard_interfaces/msg/task_msg__struct.hpp
-- Installing: /home/student/git_repo/DCRC/RobotPackage/install/blackboard_interfaces/include/blackboard_interfaces/msg/task_msg__traits.hpp
-- Up-to-date: /home/student/git_repo/DCRC/RobotPackage/install/blackboard_interfaces/include/blackboard_interfaces
-- Up-to-date: /home/student/git_repo/DCRC/RobotPackage/install/blackboard_interfaces/include/blackboard_interfaces/msg
-- Installing: /home/student/git_repo/DCRC/RobotPackage/install/blackboard_interfaces/include/blackboard_interfaces/msg/task_msg__type_support.h
-- Installing: /home/student/git_repo/DCRC/RobotPackage/install/blackboard_interfaces/include/blackboard_interfaces/msg/rosidl_generator_c__visibility_control.h
-- Installing: /home/student/git_repo/DCRC/RobotPackage/install/blackboard_interfaces/include/blackboard_interfaces/msg/task_msg__functions.c
-- Installing: /home/student/git_repo/DCRC/RobotPackage/install/blackboard_interfaces/include/blackboard_interfaces/msg/task_msg__struct.h
-- Installing: /home/student/git_repo/DCRC/RobotPackage/install/blackboard_interfaces/include/blackboard_interfaces/msg/task_msg__functions.h
-- Installing: /home/student/git_repo/DCRC/RobotPackage/install/blackboard_interfaces/include/blackboard_interfaces/msg/task_msg.h
-- Installing: /home/student/git_repo/DCRC/RobotPackage/install/blackboard_interfaces/share/blackboard_interfaces/environment/library_path.sh
-- Installing: /home/student/git_repo/DCRC/RobotPackage/install/blackboard_interfaces/lib/libblackboard_interfaces__rosidl_generator_c.so
-- Set runtime path of "/home/student/git_repo/DCRC/RobotPackage/install/blackboard_interfaces/lib/libblackboard_interfaces__rosidl_generator_c.so" to ""
-- Installing: /home/student/git_repo/DCRC/RobotPackage/install/blackboard_interfaces/lib/libblackboard_interfaces__rosidl_typesupport_c.so
-- Set runtime path of "/home/student/git_repo/DCRC/RobotPackage/install/blackboard_interfaces/lib/libblackboard_interfaces__rosidl_typesupport_c.so" to ""
-- Installing: /home/student/git_repo/DCRC/RobotPackage/install/blackboard_interfaces/lib/libblackboard_interfaces__rosidl_typesupport_cpp.so
-- Set runtime path of "/home/student/git_repo/DCRC/RobotPackage/install/blackboard_interfaces/lib/libblackboard_interfaces__rosidl_typesupport_cpp.so" to ""
-- Up-to-date: /home/student/git_repo/DCRC/RobotPackage/install/blackboard_interfaces/include/blackboard_interfaces
-- Up-to-date: /home/student/git_repo/DCRC/RobotPackage/install/blackboard_interfaces/include/blackboard_interfaces/msg
-- Installing: /home/student/git_repo/DCRC/RobotPackage/install/blackboard_interfaces/include/blackboard_interfaces/msg/task_msg__type_support.c
-- Installing: /home/student/git_repo/DCRC/RobotPackage/install/blackboard_interfaces/include/blackboard_interfaces/msg/rosidl_typesupport_introspection_c__visibility_control.h
-- Installing: /home/student/git_repo/DCRC/RobotPackage/install/blackboard_interfaces/include/blackboard_interfaces/msg/task_msg__rosidl_typesupport_introspection_c.h
-- Installing: /home/student/git_repo/DCRC/RobotPackage/install/blackboard_interfaces/lib/libblackboard_interfaces__rosidl_typesupport_introspection_c.so
-- Set runtime path of "/home/student/git_repo/DCRC/RobotPackage/install/blackboard_interfaces/lib/libblackboard_interfaces__rosidl_typesupport_introspection_c.so" to ""
-- Up-to-date: /home/student/git_repo/DCRC/RobotPackage/install/blackboard_interfaces/include/blackboard_interfaces
-- Up-to-date: /home/student/git_repo/DCRC/RobotPackage/install/blackboard_interfaces/include/blackboard_interfaces/msg
-- Installing: /home/student/git_repo/DCRC/RobotPackage/install/blackboard_interfaces/include/blackboard_interfaces/msg/task_msg__type_support.cpp
-- Installing: /home/student/git_repo/DCRC/RobotPackage/install/blackboard_interfaces/include/blackboard_interfaces/msg/task_msg__rosidl_typesupport_introspection_cpp.hpp
-- Installing: /home/student/git_repo/DCRC/RobotPackage/install/blackboard_interfaces/lib/libblackboard_interfaces__rosidl_typesupport_introspection_cpp.so
-- Set runtime path of "/home/student/git_repo/DCRC/RobotPackage/install/blackboard_interfaces/lib/libblackboard_interfaces__rosidl_typesupport_introspection_cpp.so" to ""
-- Up-to-date: /home/student/git_repo/DCRC/RobotPackage/install/blackboard_interfaces/include/blackboard_interfaces
-- Up-to-date: /home/student/git_repo/DCRC/RobotPackage/install/blackboard_interfaces/include/blackboard_interfaces/msg
-- Installing: /home/student/git_repo/DCRC/RobotPackage/install/blackboard_interfaces/include/blackboard_interfaces/msg/rosidl_typesupport_fastrtps_c__visibility_control.h
-- Installing: /home/student/git_repo/DCRC/RobotPackage/install/blackboard_interfaces/include/blackboard_interfaces/msg/task_msg__rosidl_typesupport_fastrtps_c.h
-- Installing: /home/student/git_repo/DCRC/RobotPackage/install/blackboard_interfaces/lib/libblackboard_interfaces__rosidl_typesupport_fastrtps_c.so
-- Set runtime path of "/home/student/git_repo/DCRC/RobotPackage/install/blackboard_interfaces/lib/libblackboard_interfaces__rosidl_typesupport_fastrtps_c.so" to ""
-- Up-to-date: /home/student/git_repo/DCRC/RobotPackage/install/blackboard_interfaces/include/blackboard_interfaces
-- Up-to-date: /home/student/git_repo/DCRC/RobotPackage/install/blackboard_interfaces/include/blackboard_interfaces/msg
-- Installing: /home/student/git_repo/DCRC/RobotPackage/install/blackboard_interfaces/include/blackboard_interfaces/msg/task_msg__rosidl_typesupport_fastrtps_cpp.hpp
-- Installing: /home/student/git_repo/DCRC/RobotPackage/install/blackboard_interfaces/include/blackboard_interfaces/msg/dds_fastrtps
-- Installing: /home/student/git_repo/DCRC/RobotPackage/install/blackboard_interfaces/include/blackboard_interfaces/msg/rosidl_typesupport_fastrtps_cpp__visibility_control.h
-- Installing: /home/student/git_repo/DCRC/RobotPackage/install/blackboard_interfaces/lib/libblackboard_interfaces__rosidl_typesupport_fastrtps_cpp.so
-- Set runtime path of "/home/student/git_repo/DCRC/RobotPackage/install/blackboard_interfaces/lib/libblackboard_interfaces__rosidl_typesupport_fastrtps_cpp.so" to ""
-- Installing: /home/student/git_repo/DCRC/RobotPackage/install/blackboard_interfaces/share/blackboard_interfaces/environment/pythonpath.sh
-- Installing: /home/student/git_repo/DCRC/RobotPackage/install/blackboard_interfaces/lib/python3.6/site-packages/blackboard_interfaces/__init__.py
Compiling '/home/student/git_repo/DCRC/RobotPackage/install/blackboard_interfaces/lib/python3.6/site-packages/blackboard_interfaces/__init__.py'...
-- Installing: /home/student/git_repo/DCRC/RobotPackage/install/blackboard_interfaces/lib/python3.6/site-packages/blackboard_interfaces/msg
-- Installing: /home/student/git_repo/DCRC/RobotPackage/install/blackboard_interfaces/lib/python3.6/site-packages/blackboard_interfaces/msg/_task_msg.py
-- Installing: /home/student/git_repo/DCRC/RobotPackage/install/blackboard_interfaces/lib/python3.6/site-packages/blackboard_interfaces/msg/_task_msg_s.c
-- Installing: /home/student/git_repo/DCRC/RobotPackage/install/blackboard_interfaces/lib/python3.6/site-packages/blackboard_interfaces/msg/__init__.py
-- Installing: /home/student/git_repo/DCRC/RobotPackage/install/blackboard_interfaces/lib/python3.6/site-packages/blackboard_interfaces/blackboard_interfaces_s__rosidl_typesupport_c.cpython-36m-x86_64-linux-gnu.so
-- Set runtime path of "/home/student/git_repo/DCRC/RobotPackage/install/blackboard_interfaces/lib/python3.6/site-packages/blackboard_interfaces/blackboard_interfaces_s__rosidl_typesupport_c.cpython-36m-x86_64-linux-gnu.so" to ""
-- Installing: /home/student/git_repo/DCRC/RobotPackage/install/blackboard_interfaces/lib/python3.6/site-packages/blackboard_interfaces/blackboard_interfaces_s__rosidl_typesupport_fastrtps_c.cpython-36m-x86_64-linux-gnu.so
-- Set runtime path of "/home/student/git_repo/DCRC/RobotPackage/install/blackboard_interfaces/lib/python3.6/site-packages/blackboard_interfaces/blackboard_interfaces_s__rosidl_typesupport_fastrtps_c.cpython-36m-x86_64-linux-gnu.so" to ""
-- Installing: /home/student/git_repo/DCRC/RobotPackage/install/blackboard_interfaces/lib/libblackboard_interfaces__python.so
-- Set runtime path of "/home/student/git_repo/DCRC/RobotPackage/install/blackboard_interfaces/lib/libblackboard_interfaces__python.so" to ""
-- Installing: /home/student/git_repo/DCRC/RobotPackage/install/blackboard_interfaces/share/blackboard_interfaces/msg/TaskMsg.idl
-- Installing: /home/student/git_repo/DCRC/RobotPackage/install/blackboard_interfaces/share/blackboard_interfaces/msg/TaskMsg.msg
-- Installing: /home/student/git_repo/DCRC/RobotPackage/install/blackboard_interfaces/share/ament_index/resource_index/package_run_dependencies/blackboard_interfaces
-- Installing: /home/student/git_repo/DCRC/RobotPackage/install/blackboard_interfaces/share/ament_index/resource_index/parent_prefix_path/blackboard_interfaces
-- Installing: /home/student/git_repo/DCRC/RobotPackage/install/blackboard_interfaces/share/blackboard_interfaces/environment/ament_prefix_path.sh
-- Installing: /home/student/git_repo/DCRC/RobotPackage/install/blackboard_interfaces/share/blackboard_interfaces/environment/path.sh
-- Installing: /home/student/git_repo/DCRC/RobotPackage/install/blackboard_interfaces/share/blackboard_interfaces/local_setup.bash
-- Installing: /home/student/git_repo/DCRC/RobotPackage/install/blackboard_interfaces/share/blackboard_interfaces/local_setup.sh
-- Installing: /home/student/git_repo/DCRC/RobotPackage/install/blackboard_interfaces/share/blackboard_interfaces/local_setup.zsh
-- Installing: /home/student/git_repo/DCRC/RobotPackage/install/blackboard_interfaces/share/ament_index/resource_index/packages/blackboard_interfaces
-- Installing: /home/student/git_repo/DCRC/RobotPackage/install/blackboard_interfaces/share/blackboard_interfaces/cmake/rosidl_cmake-extras.cmake
-- Installing: /home/student/git_repo/DCRC/RobotPackage/install/blackboard_interfaces/share/blackboard_interfaces/cmake/ament_cmake_export_dependencies-extras.cmake
-- Installing: /home/student/git_repo/DCRC/RobotPackage/install/blackboard_interfaces/share/blackboard_interfaces/cmake/ament_cmake_export_include_directories-extras.cmake
-- Installing: /home/student/git_repo/DCRC/RobotPackage/install/blackboard_interfaces/share/blackboard_interfaces/cmake/ament_cmake_export_libraries-extras.cmake
-- Installing: /home/student/git_repo/DCRC/RobotPackage/install/blackboard_interfaces/share/blackboard_interfaces/cmake/blackboard_interfacesConfig.cmake
-- Installing: /home/student/git_repo/DCRC/RobotPackage/install/blackboard_interfaces/share/blackboard_interfaces/cmake/blackboard_interfacesConfig-version.cmake
-- Installing: /home/student/git_repo/DCRC/RobotPackage/install/blackboard_interfaces/share/blackboard_interfaces/package.xml
