[0.141s] DEBUG:colcon:Command line arguments: ['/usr/bin/colcon', 'build']
[0.141s] DEBUG:colcon:Parsed command line arguments: Namespace(ament_cmake_args=None, base_paths=['.'], build_base='build', catkin_cmake_args=None, catkin_skip_building_tests=False, cmake_args=None, cmake_clean_cache=False, cmake_clean_first=False, cmake_force_configure=False, cmake_target=None, cmake_target_skip_unavailable=False, continue_on_error=False, event_handlers=None, executor='parallel', ignore_user_meta=False, install_base='install', log_base=None, log_level=None, main=<bound method BuildVerb.main of <colcon_core.verb.build.BuildVerb object at 0x7f4df0d11588>>, merge_install=False, metas=['./colcon.meta'], packages_above=None, packages_above_and_dependencies=None, packages_above_depth=None, packages_end=None, packages_ignore=None, packages_ignore_regex=None, packages_select=None, packages_select_build_failed=False, packages_select_by_dep=None, packages_select_regex=None, packages_select_test_failures=False, packages_skip=None, packages_skip_build_finished=False, packages_skip_by_dep=None, packages_skip_regex=None, packages_skip_test_passed=False, packages_skip_up_to=None, packages_start=None, packages_up_to=None, packages_up_to_regex=None, parallel_workers=12, paths=None, symlink_install=False, test_result_base=None, verb_extension=<colcon_core.verb.build.BuildVerb object at 0x7f4df0d11588>, verb_name='build', verb_parser=<colcon_defaults.argument_parser.defaults.DefaultArgumentsDecorator object at 0x7f4df0d118d0>)
[0.145s] Level 1:colcon.colcon_core.package_discovery:discover_packages(colcon_meta) check parameters
[0.146s] Level 1:colcon.colcon_core.package_discovery:discover_packages(recursive) check parameters
[0.146s] Level 1:colcon.colcon_core.package_discovery:discover_packages(ignore) check parameters
[0.146s] Level 1:colcon.colcon_core.package_discovery:discover_packages(path) check parameters
[0.146s] Level 1:colcon.colcon_core.package_discovery:discover_packages(colcon_meta) discover
[0.146s] Level 1:colcon.colcon_core.package_discovery:discover_packages(recursive) discover
[0.146s] INFO:colcon.colcon_core.package_discovery:Crawling recursively for packages in '/home/student/git_repo/DCRC/RobotPackage'
[0.146s] Level 1:colcon.colcon_core.package_identification:_identify(.) by extensions ['ignore', 'ignore_ament_install']
[0.146s] Level 1:colcon.colcon_core.package_identification:_identify(.) by extension 'ignore'
[0.146s] Level 1:colcon.colcon_core.package_identification:_identify(.) by extension 'ignore_ament_install'
[0.146s] Level 1:colcon.colcon_core.package_identification:_identify(.) by extensions ['colcon_pkg']
[0.146s] Level 1:colcon.colcon_core.package_identification:_identify(.) by extension 'colcon_pkg'
[0.146s] Level 1:colcon.colcon_core.package_identification:_identify(.) by extensions ['colcon_meta']
[0.146s] Level 1:colcon.colcon_core.package_identification:_identify(.) by extension 'colcon_meta'
[0.146s] Level 1:colcon.colcon_core.package_identification:_identify(.) by extensions ['ros']
[0.146s] Level 1:colcon.colcon_core.package_identification:_identify(.) by extension 'ros'
[0.155s] Level 1:colcon.colcon_core.package_identification:_identify(.) by extensions ['cmake', 'python']
[0.155s] Level 1:colcon.colcon_core.package_identification:_identify(.) by extension 'cmake'
[0.155s] Level 1:colcon.colcon_core.package_identification:_identify(.) by extension 'python'
[0.155s] Level 1:colcon.colcon_core.package_identification:_identify(.) by extensions ['python_setup_py']
[0.155s] Level 1:colcon.colcon_core.package_identification:_identify(.) by extension 'python_setup_py'
[0.156s] Level 1:colcon.colcon_core.package_identification:_identify(build) by extensions ['ignore', 'ignore_ament_install']
[0.156s] Level 1:colcon.colcon_core.package_identification:_identify(build) by extension 'ignore'
[0.156s] Level 1:colcon.colcon_core.package_identification:_identify(build) ignored
[0.156s] Level 1:colcon.colcon_core.package_identification:_identify(install) by extensions ['ignore', 'ignore_ament_install']
[0.156s] Level 1:colcon.colcon_core.package_identification:_identify(install) by extension 'ignore'
[0.156s] Level 1:colcon.colcon_core.package_identification:_identify(install) ignored
[0.156s] Level 1:colcon.colcon_core.package_identification:_identify(log) by extensions ['ignore', 'ignore_ament_install']
[0.156s] Level 1:colcon.colcon_core.package_identification:_identify(log) by extension 'ignore'
[0.156s] Level 1:colcon.colcon_core.package_identification:_identify(log) ignored
[0.156s] Level 1:colcon.colcon_core.package_identification:_identify(src) by extensions ['ignore', 'ignore_ament_install']
[0.156s] Level 1:colcon.colcon_core.package_identification:_identify(src) by extension 'ignore'
[0.157s] Level 1:colcon.colcon_core.package_identification:_identify(src) by extension 'ignore_ament_install'
[0.157s] Level 1:colcon.colcon_core.package_identification:_identify(src) by extensions ['colcon_pkg']
[0.157s] Level 1:colcon.colcon_core.package_identification:_identify(src) by extension 'colcon_pkg'
[0.157s] Level 1:colcon.colcon_core.package_identification:_identify(src) by extensions ['colcon_meta']
[0.157s] Level 1:colcon.colcon_core.package_identification:_identify(src) by extension 'colcon_meta'
[0.157s] Level 1:colcon.colcon_core.package_identification:_identify(src) by extensions ['ros']
[0.157s] Level 1:colcon.colcon_core.package_identification:_identify(src) by extension 'ros'
[0.157s] Level 1:colcon.colcon_core.package_identification:_identify(src) by extensions ['cmake', 'python']
[0.157s] Level 1:colcon.colcon_core.package_identification:_identify(src) by extension 'cmake'
[0.157s] Level 1:colcon.colcon_core.package_identification:_identify(src) by extension 'python'
[0.157s] Level 1:colcon.colcon_core.package_identification:_identify(src) by extensions ['python_setup_py']
[0.157s] Level 1:colcon.colcon_core.package_identification:_identify(src) by extension 'python_setup_py'
[0.157s] Level 1:colcon.colcon_core.package_identification:_identify(src/RobotPackage) by extensions ['ignore', 'ignore_ament_install']
[0.157s] Level 1:colcon.colcon_core.package_identification:_identify(src/RobotPackage) by extension 'ignore'
[0.157s] Level 1:colcon.colcon_core.package_identification:_identify(src/RobotPackage) by extension 'ignore_ament_install'
[0.157s] Level 1:colcon.colcon_core.package_identification:_identify(src/RobotPackage) by extensions ['colcon_pkg']
[0.157s] Level 1:colcon.colcon_core.package_identification:_identify(src/RobotPackage) by extension 'colcon_pkg'
[0.157s] Level 1:colcon.colcon_core.package_identification:_identify(src/RobotPackage) by extensions ['colcon_meta']
[0.157s] Level 1:colcon.colcon_core.package_identification:_identify(src/RobotPackage) by extension 'colcon_meta'
[0.157s] Level 1:colcon.colcon_core.package_identification:_identify(src/RobotPackage) by extensions ['ros']
[0.157s] Level 1:colcon.colcon_core.package_identification:_identify(src/RobotPackage) by extension 'ros'
[0.159s] ERROR:colcon.colcon_core.package_identification:ROS package 'src/RobotPackage' with build type 'ament_python' has no 'setup.py' file
[0.160s] Level 1:colcon.colcon_core.package_identification:_identify(src/RobotPackage) ignored
[0.160s] Level 1:colcon.colcon_core.package_identification:_identify(src/blackboard_interfaces) by extensions ['ignore', 'ignore_ament_install']
[0.160s] Level 1:colcon.colcon_core.package_identification:_identify(src/blackboard_interfaces) by extension 'ignore'
[0.160s] Level 1:colcon.colcon_core.package_identification:_identify(src/blackboard_interfaces) by extension 'ignore_ament_install'
[0.160s] Level 1:colcon.colcon_core.package_identification:_identify(src/blackboard_interfaces) by extensions ['colcon_pkg']
[0.160s] Level 1:colcon.colcon_core.package_identification:_identify(src/blackboard_interfaces) by extension 'colcon_pkg'
[0.160s] Level 1:colcon.colcon_core.package_identification:_identify(src/blackboard_interfaces) by extensions ['colcon_meta']
[0.160s] Level 1:colcon.colcon_core.package_identification:_identify(src/blackboard_interfaces) by extension 'colcon_meta'
[0.160s] Level 1:colcon.colcon_core.package_identification:_identify(src/blackboard_interfaces) by extensions ['ros']
[0.160s] Level 1:colcon.colcon_core.package_identification:_identify(src/blackboard_interfaces) by extension 'ros'
[0.161s] DEBUG:colcon.colcon_core.package_identification:Package 'src/blackboard_interfaces' with type 'ros.ament_cmake' and name 'blackboard_interfaces'
[0.161s] Level 1:colcon.colcon_core.package_discovery:discover_packages(recursive) using defaults
[0.161s] Level 1:colcon.colcon_core.package_discovery:discover_packages(ignore) discover
[0.161s] Level 1:colcon.colcon_core.package_discovery:discover_packages(ignore) using defaults
[0.161s] Level 1:colcon.colcon_core.package_discovery:discover_packages(path) discover
[0.161s] Level 1:colcon.colcon_core.package_discovery:discover_packages(path) using defaults
[0.179s] Level 5:colcon.colcon_core.verb:set package 'blackboard_interfaces' build argument 'cmake_args' from command line to 'None'
[0.179s] Level 5:colcon.colcon_core.verb:set package 'blackboard_interfaces' build argument 'cmake_target' from command line to 'None'
[0.179s] Level 5:colcon.colcon_core.verb:set package 'blackboard_interfaces' build argument 'cmake_target_skip_unavailable' from command line to 'False'
[0.179s] Level 5:colcon.colcon_core.verb:set package 'blackboard_interfaces' build argument 'cmake_clean_cache' from command line to 'False'
[0.179s] Level 5:colcon.colcon_core.verb:set package 'blackboard_interfaces' build argument 'cmake_clean_first' from command line to 'False'
[0.179s] Level 5:colcon.colcon_core.verb:set package 'blackboard_interfaces' build argument 'cmake_force_configure' from command line to 'False'
[0.179s] Level 5:colcon.colcon_core.verb:set package 'blackboard_interfaces' build argument 'ament_cmake_args' from command line to 'None'
[0.179s] Level 5:colcon.colcon_core.verb:set package 'blackboard_interfaces' build argument 'catkin_cmake_args' from command line to 'None'
[0.179s] Level 5:colcon.colcon_core.verb:set package 'blackboard_interfaces' build argument 'catkin_skip_building_tests' from command line to 'False'
[0.179s] DEBUG:colcon.colcon_core.verb:Building package 'blackboard_interfaces' with the following arguments: {'ament_cmake_args': None, 'build_base': '/home/student/git_repo/DCRC/RobotPackage/build/blackboard_interfaces', 'catkin_cmake_args': None, 'catkin_skip_building_tests': False, 'cmake_args': None, 'cmake_clean_cache': False, 'cmake_clean_first': False, 'cmake_force_configure': False, 'cmake_target': None, 'cmake_target_skip_unavailable': False, 'install_base': '/home/student/git_repo/DCRC/RobotPackage/install/blackboard_interfaces', 'merge_install': False, 'path': '/home/student/git_repo/DCRC/RobotPackage/src/blackboard_interfaces', 'symlink_install': False, 'test_result_base': None}
[0.179s] INFO:colcon.colcon_core.executor:Executing jobs using 'parallel' executor
[0.181s] DEBUG:colcon.colcon_parallel_executor.executor.parallel:run_until_complete
[0.181s] INFO:colcon.colcon_ros.task.ament_cmake.build:Building ROS package in '/home/student/git_repo/DCRC/RobotPackage/src/blackboard_interfaces' with build type 'ament_cmake'
[0.181s] INFO:colcon.colcon_cmake.task.cmake.build:Building CMake package in '/home/student/git_repo/DCRC/RobotPackage/src/blackboard_interfaces'
[0.184s] INFO:colcon.colcon_core.plugin_system:Skipping extension 'colcon_core.shell.bat': Not used on non-Windows systems
[0.184s] INFO:colcon.colcon_core.shell:Skip shell extension 'powershell' for command environment: Not usable outside of PowerShell
[0.184s] DEBUG:colcon.colcon_core.shell:Skip shell extension 'dsv' for command environment
[0.186s] DEBUG:colcon.colcon_core.shell:Ignoring prefix path '/opt/ros/dashing'
[0.195s] DEBUG:colcon.colcon_core.event_handler.log_command:Invoking command in '/home/student/git_repo/DCRC/RobotPackage/build/blackboard_interfaces': CMAKE_PREFIX_PATH=/home/student/git_repo/DCRC/RobotPackage/install/RobotPackage:/opt/ros/dashing /usr/bin/cmake --build /home/student/git_repo/DCRC/RobotPackage/build/blackboard_interfaces -- -j12 -l12
[2.586s] DEBUG:colcon.colcon_core.event_handler.log_command:Invoked command in '/home/student/git_repo/DCRC/RobotPackage/build/blackboard_interfaces' returned '0': CMAKE_PREFIX_PATH=/home/student/git_repo/DCRC/RobotPackage/install/RobotPackage:/opt/ros/dashing /usr/bin/cmake --build /home/student/git_repo/DCRC/RobotPackage/build/blackboard_interfaces -- -j12 -l12
[2.631s] DEBUG:colcon.colcon_core.event_handler.log_command:Invoking command in '/home/student/git_repo/DCRC/RobotPackage/build/blackboard_interfaces': CMAKE_PREFIX_PATH=/home/student/git_repo/DCRC/RobotPackage/install/RobotPackage:/opt/ros/dashing /usr/bin/cmake --build /home/student/git_repo/DCRC/RobotPackage/build/blackboard_interfaces --target install -- -j12 -l12
[2.894s] Level 1:colcon.colcon_core.environment:create_environment_scripts_only(blackboard_interfaces)
[2.895s] DEBUG:colcon.colcon_core.event_handler.log_command:Invoked command in '/home/student/git_repo/DCRC/RobotPackage/build/blackboard_interfaces' returned '0': CMAKE_PREFIX_PATH=/home/student/git_repo/DCRC/RobotPackage/install/RobotPackage:/opt/ros/dashing /usr/bin/cmake --build /home/student/git_repo/DCRC/RobotPackage/build/blackboard_interfaces --target install -- -j12 -l12
[2.898s] Level 1:colcon.colcon_core.environment:checking '/home/student/git_repo/DCRC/RobotPackage/install/blackboard_interfaces' for CMake module files
[2.898s] Level 1:colcon.colcon_core.environment:checking '/home/student/git_repo/DCRC/RobotPackage/install/blackboard_interfaces' for CMake config files
[2.898s] Level 1:colcon.colcon_core.shell:create_environment_hook('blackboard_interfaces', 'cmake_prefix_path')
[2.899s] INFO:colcon.colcon_core.shell:Creating environment hook '/home/student/git_repo/DCRC/RobotPackage/install/blackboard_interfaces/share/blackboard_interfaces/hook/cmake_prefix_path.ps1'
[2.899s] INFO:colcon.colcon_core.shell:Creating environment descriptor '/home/student/git_repo/DCRC/RobotPackage/install/blackboard_interfaces/share/blackboard_interfaces/hook/cmake_prefix_path.dsv'
[2.900s] INFO:colcon.colcon_core.shell:Creating environment hook '/home/student/git_repo/DCRC/RobotPackage/install/blackboard_interfaces/share/blackboard_interfaces/hook/cmake_prefix_path.sh'
[2.901s] Level 1:colcon.colcon_core.environment:checking '/home/student/git_repo/DCRC/RobotPackage/install/blackboard_interfaces/lib'
[2.901s] Level 1:colcon.colcon_core.shell:create_environment_hook('blackboard_interfaces', 'ld_library_path_lib')
[2.901s] INFO:colcon.colcon_core.shell:Creating environment hook '/home/student/git_repo/DCRC/RobotPackage/install/blackboard_interfaces/share/blackboard_interfaces/hook/ld_library_path_lib.ps1'
[2.901s] INFO:colcon.colcon_core.shell:Creating environment descriptor '/home/student/git_repo/DCRC/RobotPackage/install/blackboard_interfaces/share/blackboard_interfaces/hook/ld_library_path_lib.dsv'
[2.902s] INFO:colcon.colcon_core.shell:Creating environment hook '/home/student/git_repo/DCRC/RobotPackage/install/blackboard_interfaces/share/blackboard_interfaces/hook/ld_library_path_lib.sh'
[2.902s] Level 1:colcon.colcon_core.environment:checking '/home/student/git_repo/DCRC/RobotPackage/install/blackboard_interfaces/bin'
[2.902s] Level 1:colcon.colcon_core.environment:checking '/home/student/git_repo/DCRC/RobotPackage/install/blackboard_interfaces/lib/pkgconfig/blackboard_interfaces.pc'
[2.902s] Level 1:colcon.colcon_core.environment:checking '/home/student/git_repo/DCRC/RobotPackage/install/blackboard_interfaces/lib/python3.6/site-packages'
[2.902s] Level 1:colcon.colcon_core.shell:create_environment_hook('blackboard_interfaces', 'pythonpath')
[2.903s] INFO:colcon.colcon_core.shell:Creating environment hook '/home/student/git_repo/DCRC/RobotPackage/install/blackboard_interfaces/share/blackboard_interfaces/hook/pythonpath.ps1'
[2.903s] INFO:colcon.colcon_core.shell:Creating environment descriptor '/home/student/git_repo/DCRC/RobotPackage/install/blackboard_interfaces/share/blackboard_interfaces/hook/pythonpath.dsv'
[2.903s] INFO:colcon.colcon_core.shell:Creating environment hook '/home/student/git_repo/DCRC/RobotPackage/install/blackboard_interfaces/share/blackboard_interfaces/hook/pythonpath.sh'
[2.904s] INFO:colcon.colcon_core.shell:Creating package script '/home/student/git_repo/DCRC/RobotPackage/install/blackboard_interfaces/share/blackboard_interfaces/package.ps1'
[2.904s] INFO:colcon.colcon_core.shell:Creating package descriptor '/home/student/git_repo/DCRC/RobotPackage/install/blackboard_interfaces/share/blackboard_interfaces/package.dsv'
[2.905s] INFO:colcon.colcon_core.shell:Creating package script '/home/student/git_repo/DCRC/RobotPackage/install/blackboard_interfaces/share/blackboard_interfaces/package.sh'
[2.906s] INFO:colcon.colcon_core.shell:Creating package script '/home/student/git_repo/DCRC/RobotPackage/install/blackboard_interfaces/share/blackboard_interfaces/package.bash'
[2.906s] INFO:colcon.colcon_core.shell:Creating package script '/home/student/git_repo/DCRC/RobotPackage/install/blackboard_interfaces/share/blackboard_interfaces/package.zsh'
[2.908s] Level 1:colcon.colcon_core.environment:create_file_with_runtime_dependencies(/home/student/git_repo/DCRC/RobotPackage/install/blackboard_interfaces/share/colcon-core/packages/blackboard_interfaces)
[2.944s] Level 1:colcon.colcon_core.environment:create_environment_scripts_only(blackboard_interfaces)
[2.945s] Level 1:colcon.colcon_core.environment:checking '/home/student/git_repo/DCRC/RobotPackage/install/blackboard_interfaces' for CMake module files
[2.945s] Level 1:colcon.colcon_core.environment:checking '/home/student/git_repo/DCRC/RobotPackage/install/blackboard_interfaces' for CMake config files
[2.945s] Level 1:colcon.colcon_core.shell:create_environment_hook('blackboard_interfaces', 'cmake_prefix_path')
[2.946s] INFO:colcon.colcon_core.shell:Creating environment hook '/home/student/git_repo/DCRC/RobotPackage/install/blackboard_interfaces/share/blackboard_interfaces/hook/cmake_prefix_path.ps1'
[2.946s] INFO:colcon.colcon_core.shell:Creating environment descriptor '/home/student/git_repo/DCRC/RobotPackage/install/blackboard_interfaces/share/blackboard_interfaces/hook/cmake_prefix_path.dsv'
[2.946s] INFO:colcon.colcon_core.shell:Creating environment hook '/home/student/git_repo/DCRC/RobotPackage/install/blackboard_interfaces/share/blackboard_interfaces/hook/cmake_prefix_path.sh'
[2.947s] Level 1:colcon.colcon_core.environment:checking '/home/student/git_repo/DCRC/RobotPackage/install/blackboard_interfaces/lib'
[2.947s] Level 1:colcon.colcon_core.shell:create_environment_hook('blackboard_interfaces', 'ld_library_path_lib')
[2.947s] INFO:colcon.colcon_core.shell:Creating environment hook '/home/student/git_repo/DCRC/RobotPackage/install/blackboard_interfaces/share/blackboard_interfaces/hook/ld_library_path_lib.ps1'
[2.948s] INFO:colcon.colcon_core.shell:Creating environment descriptor '/home/student/git_repo/DCRC/RobotPackage/install/blackboard_interfaces/share/blackboard_interfaces/hook/ld_library_path_lib.dsv'
[2.948s] INFO:colcon.colcon_core.shell:Creating environment hook '/home/student/git_repo/DCRC/RobotPackage/install/blackboard_interfaces/share/blackboard_interfaces/hook/ld_library_path_lib.sh'
[2.948s] Level 1:colcon.colcon_core.environment:checking '/home/student/git_repo/DCRC/RobotPackage/install/blackboard_interfaces/bin'
[2.948s] Level 1:colcon.colcon_core.environment:checking '/home/student/git_repo/DCRC/RobotPackage/install/blackboard_interfaces/lib/pkgconfig/blackboard_interfaces.pc'
[2.948s] Level 1:colcon.colcon_core.environment:checking '/home/student/git_repo/DCRC/RobotPackage/install/blackboard_interfaces/lib/python3.6/site-packages'
[2.948s] Level 1:colcon.colcon_core.shell:create_environment_hook('blackboard_interfaces', 'pythonpath')
[2.949s] INFO:colcon.colcon_core.shell:Creating environment hook '/home/student/git_repo/DCRC/RobotPackage/install/blackboard_interfaces/share/blackboard_interfaces/hook/pythonpath.ps1'
[2.949s] INFO:colcon.colcon_core.shell:Creating environment descriptor '/home/student/git_repo/DCRC/RobotPackage/install/blackboard_interfaces/share/blackboard_interfaces/hook/pythonpath.dsv'
[2.949s] INFO:colcon.colcon_core.shell:Creating environment hook '/home/student/git_repo/DCRC/RobotPackage/install/blackboard_interfaces/share/blackboard_interfaces/hook/pythonpath.sh'
[2.950s] INFO:colcon.colcon_core.shell:Creating package script '/home/student/git_repo/DCRC/RobotPackage/install/blackboard_interfaces/share/blackboard_interfaces/package.ps1'
[2.951s] INFO:colcon.colcon_core.shell:Creating package descriptor '/home/student/git_repo/DCRC/RobotPackage/install/blackboard_interfaces/share/blackboard_interfaces/package.dsv'
[2.951s] INFO:colcon.colcon_core.shell:Creating package script '/home/student/git_repo/DCRC/RobotPackage/install/blackboard_interfaces/share/blackboard_interfaces/package.sh'
[2.951s] INFO:colcon.colcon_core.shell:Creating package script '/home/student/git_repo/DCRC/RobotPackage/install/blackboard_interfaces/share/blackboard_interfaces/package.bash'
[2.952s] INFO:colcon.colcon_core.shell:Creating package script '/home/student/git_repo/DCRC/RobotPackage/install/blackboard_interfaces/share/blackboard_interfaces/package.zsh'
[2.952s] Level 1:colcon.colcon_core.environment:create_file_with_runtime_dependencies(/home/student/git_repo/DCRC/RobotPackage/install/blackboard_interfaces/share/colcon-core/packages/blackboard_interfaces)
[2.952s] DEBUG:colcon.colcon_parallel_executor.executor.parallel:closing loop
[2.953s] DEBUG:colcon.colcon_parallel_executor.executor.parallel:loop closed
[2.953s] DEBUG:colcon.colcon_parallel_executor.executor.parallel:run_until_complete finished with '0'
[2.953s] DEBUG:colcon.colcon_core.event_reactor:joining thread
[2.967s] INFO:colcon.colcon_core.plugin_system:Skipping extension 'colcon_notification.desktop_notification.terminal_notifier': Not used on non-Darwin systems
[2.967s] INFO:colcon.colcon_core.plugin_system:Skipping extension 'colcon_notification.desktop_notification.win32': Not used on non-Windows systems
[2.967s] INFO:colcon.colcon_notification.desktop_notification:Sending desktop notification using 'notify2'
[2.970s] DEBUG:colcon.colcon_core.event_reactor:joined thread
[2.970s] INFO:colcon.colcon_core.shell:Creating prefix script '/home/student/git_repo/DCRC/RobotPackage/install/local_setup.ps1'
[2.971s] INFO:colcon.colcon_core.shell:Creating prefix util module '/home/student/git_repo/DCRC/RobotPackage/install/_local_setup_util_ps1.py'
[2.972s] INFO:colcon.colcon_core.shell:Creating prefix chain script '/home/student/git_repo/DCRC/RobotPackage/install/setup.ps1'
[2.974s] INFO:colcon.colcon_core.shell:Creating prefix script '/home/student/git_repo/DCRC/RobotPackage/install/local_setup.sh'
[2.974s] INFO:colcon.colcon_core.shell:Creating prefix util module '/home/student/git_repo/DCRC/RobotPackage/install/_local_setup_util_sh.py'
[2.975s] INFO:colcon.colcon_core.shell:Creating prefix chain script '/home/student/git_repo/DCRC/RobotPackage/install/setup.sh'
[2.976s] INFO:colcon.colcon_core.shell:Creating prefix script '/home/student/git_repo/DCRC/RobotPackage/install/local_setup.bash'
[2.977s] INFO:colcon.colcon_core.shell:Creating prefix chain script '/home/student/git_repo/DCRC/RobotPackage/install/setup.bash'
[2.979s] INFO:colcon.colcon_core.shell:Creating prefix script '/home/student/git_repo/DCRC/RobotPackage/install/local_setup.zsh'
[2.979s] INFO:colcon.colcon_core.shell:Creating prefix chain script '/home/student/git_repo/DCRC/RobotPackage/install/setup.zsh'
