[0.199s] Invoking command in '/home/student/git_repo/DCRC/RobotPackage/src/RobotPackage': PYTHONPATH=/home/student/git_repo/DCRC/RobotPackage/install/RobotPackage/lib/python3.6/site-packages:${PYTHONPATH} /usr/bin/python3 setup.py egg_info --egg-base ../../build/RobotPackage build --build-base /home/student/git_repo/DCRC/RobotPackage/build/RobotPackage/build install --prefix /home/student/git_repo/DCRC/RobotPackage/install/RobotPackage --record /home/student/git_repo/DCRC/RobotPackage/build/RobotPackage/install.log --single-version-externally-managed
[0.374s] running egg_info
[0.374s] writing ../../build/RobotPackage/RobotPackage.egg-info/PKG-INFO
[0.375s] writing dependency_links to ../../build/RobotPackage/RobotPackage.egg-info/dependency_links.txt
[0.375s] writing entry points to ../../build/RobotPackage/RobotPackage.egg-info/entry_points.txt
[0.375s] writing requirements to ../../build/RobotPackage/RobotPackage.egg-info/requires.txt
[0.375s] writing top-level names to ../../build/RobotPackage/RobotPackage.egg-info/top_level.txt
[0.404s] reading manifest file '../../build/RobotPackage/RobotPackage.egg-info/SOURCES.txt'
[0.405s] writing manifest file '../../build/RobotPackage/RobotPackage.egg-info/SOURCES.txt'
[0.405s] running build
[0.405s] running build_py
[0.405s] creating /home/student/git_repo/DCRC/RobotPackage/build/RobotPackage/build
[0.405s] creating /home/student/git_repo/DCRC/RobotPackage/build/RobotPackage/build/lib
[0.405s] creating /home/student/git_repo/DCRC/RobotPackage/build/RobotPackage/build/lib/RobotPackage
[0.406s] copying RobotPackage/Controller.py -> /home/student/git_repo/DCRC/RobotPackage/build/RobotPackage/build/lib/RobotPackage
[0.406s] copying RobotPackage/TCPServer.py -> /home/student/git_repo/DCRC/RobotPackage/build/RobotPackage/build/lib/RobotPackage
[0.406s] copying RobotPackage/Robot.py -> /home/student/git_repo/DCRC/RobotPackage/build/RobotPackage/build/lib/RobotPackage
[0.406s] copying RobotPackage/__init__.py -> /home/student/git_repo/DCRC/RobotPackage/build/RobotPackage/build/lib/RobotPackage
[0.406s] running install
[0.406s] running install_lib
[0.406s] creating /home/student/git_repo/DCRC/RobotPackage/install/RobotPackage/lib/python3.6/site-packages/RobotPackage
[0.406s] copying /home/student/git_repo/DCRC/RobotPackage/build/RobotPackage/build/lib/RobotPackage/Controller.py -> /home/student/git_repo/DCRC/RobotPackage/install/RobotPackage/lib/python3.6/site-packages/RobotPackage
[0.407s] copying /home/student/git_repo/DCRC/RobotPackage/build/RobotPackage/build/lib/RobotPackage/TCPServer.py -> /home/student/git_repo/DCRC/RobotPackage/install/RobotPackage/lib/python3.6/site-packages/RobotPackage
[0.407s] copying /home/student/git_repo/DCRC/RobotPackage/build/RobotPackage/build/lib/RobotPackage/Robot.py -> /home/student/git_repo/DCRC/RobotPackage/install/RobotPackage/lib/python3.6/site-packages/RobotPackage
[0.407s] copying /home/student/git_repo/DCRC/RobotPackage/build/RobotPackage/build/lib/RobotPackage/__init__.py -> /home/student/git_repo/DCRC/RobotPackage/install/RobotPackage/lib/python3.6/site-packages/RobotPackage
[0.407s] byte-compiling /home/student/git_repo/DCRC/RobotPackage/install/RobotPackage/lib/python3.6/site-packages/RobotPackage/Controller.py to Controller.cpython-36.pyc
[0.408s] byte-compiling /home/student/git_repo/DCRC/RobotPackage/install/RobotPackage/lib/python3.6/site-packages/RobotPackage/TCPServer.py to TCPServer.cpython-36.pyc
[0.408s] byte-compiling /home/student/git_repo/DCRC/RobotPackage/install/RobotPackage/lib/python3.6/site-packages/RobotPackage/Robot.py to Robot.cpython-36.pyc
[0.409s] byte-compiling /home/student/git_repo/DCRC/RobotPackage/install/RobotPackage/lib/python3.6/site-packages/RobotPackage/__init__.py to __init__.cpython-36.pyc
[0.409s] running install_data
[0.409s] creating /home/student/git_repo/DCRC/RobotPackage/install/RobotPackage/share/ament_index
[0.409s] creating /home/student/git_repo/DCRC/RobotPackage/install/RobotPackage/share/ament_index/resource_index
[0.409s] creating /home/student/git_repo/DCRC/RobotPackage/install/RobotPackage/share/ament_index/resource_index/packages
[0.410s] error: can't copy 'resource/RobotPackage': doesn't exist or not a regular file
[0.424s] Invoked command in '/home/student/git_repo/DCRC/RobotPackage/src/RobotPackage' returned '1': PYTHONPATH=/home/student/git_repo/DCRC/RobotPackage/install/RobotPackage/lib/python3.6/site-packages:${PYTHONPATH} /usr/bin/python3 setup.py egg_info --egg-base ../../build/RobotPackage build --build-base /home/student/git_repo/DCRC/RobotPackage/build/RobotPackage/build install --prefix /home/student/git_repo/DCRC/RobotPackage/install/RobotPackage --record /home/student/git_repo/DCRC/RobotPackage/build/RobotPackage/install.log --single-version-externally-managed
