[0.179s] Invoking command in '/home/student/git_repo/DCRC/RobotPackage/build/blackboard_interfaces': CMAKE_PREFIX_PATH=/home/student/git_repo/DCRC/RobotPackage/install/RobotPackage:/opt/ros/dashing /usr/bin/cmake /home/student/git_repo/DCRC/RobotPackage/src/blackboard_interfaces -DCMAKE_INSTALL_PREFIX=/home/student/git_repo/DCRC/RobotPackage/install/blackboard_interfaces
[0.221s] -- The C compiler identification is GNU 7.5.0
[0.260s] -- The CXX compiler identification is GNU 7.5.0
[0.263s] -- Check for working C compiler: /usr/bin/cc
[0.315s] -- Check for working C compiler: /usr/bin/cc -- works
[0.315s] -- Detecting C compiler ABI info
[0.368s] -- Detecting C compiler ABI info - done
[0.372s] -- Detecting C compile features
[0.533s] -- Detecting C compile features - done
[0.534s] -- Check for working CXX compiler: /usr/bin/c++
[0.604s] -- Check for working CXX compiler: /usr/bin/c++ -- works
[0.605s] -- Detecting CXX compiler ABI info
[0.678s] -- Detecting CXX compiler ABI info - done
[0.682s] -- Detecting CXX compile features
[0.980s] -- Detecting CXX compile features - done
[0.981s] -- Found ament_cmake: 0.7.6 (/opt/ros/dashing/share/ament_cmake/cmake)
[1.003s] -- Found PythonInterp: /usr/bin/python3 (found suitable version "3.6.9", minimum required is "3") 
[1.003s] -- Using PYTHON_EXECUTABLE: /usr/bin/python3
[1.152s] -- Found geometry_msgs: 0.7.1 (/opt/ros/dashing/share/geometry_msgs/cmake)
[1.163s] -- Found rosidl_adapter: 0.7.10 (/opt/ros/dashing/share/rosidl_adapter/cmake)
[1.196s] -- Found rosidl_default_generators: 0.7.0 (/opt/ros/dashing/share/rosidl_default_generators/cmake)
[1.245s] -- Found OpenSSL: /usr/lib/x86_64-linux-gnu/libcrypto.so (found version "1.1.1") 
[1.261s] -- Found FastRTPS: /opt/ros/dashing/include  
[1.324s] -- Found PythonInterp: /usr/bin/python3 (found version "3.6.9") 
[1.519s] -- Using single matching rosidl_typesupport_c: rosidl_typesupport_fastrtps_c
[1.552s] -- Using single matching rosidl_typesupport_cpp: rosidl_typesupport_fastrtps_cpp
[1.739s] -- Found rmw_implementation_cmake: 0.7.2 (/opt/ros/dashing/share/rmw_implementation_cmake/cmake)
[1.760s] -- Found PythonInterp: /usr/bin/python3 (found suitable version "3.6.9", minimum required is "3.5") 
[1.761s] -- Found python_cmake_module: 0.7.11 (/opt/ros/dashing/share/python_cmake_module/cmake)
[1.783s] -- Found PythonLibs: /usr/lib/x86_64-linux-gnu/libpython3.6m.so (found suitable version "3.6.9", minimum required is "3.5") 
[1.783s] -- Using PYTHON_EXECUTABLE: /usr/bin/python3
[1.783s] -- Using PYTHON_INCLUDE_DIRS: /usr/include/python3.6m
[1.783s] -- Using PYTHON_LIBRARIES: /usr/lib/x86_64-linux-gnu/libpython3.6m.so
[1.802s] -- Found PythonExtra: .so  
[1.920s] -- Found ament_lint_auto: 0.7.12 (/opt/ros/dashing/share/ament_lint_auto/cmake)
[1.936s] -- Added test 'lint_cmake' to check CMake code style
[1.936s] -- Added test 'xmllint' to check XML markup files
[1.939s] -- Configuring done
[2.064s] -- Generating done
[2.066s] -- Build files have been written to: /home/student/git_repo/DCRC/RobotPackage/build/blackboard_interfaces
