[  3%] Built target blackboard_interfaces__cpp
[ 13%] Built target blackboard_interfaces__rosidl_generator_c
[ 24%] Built target blackboard_interfaces__rosidl_typesupport_introspection_cpp
[ 34%] Built target blackboard_interfaces__rosidl_typesupport_introspection_c
[ 44%] Built target blackboard_interfaces__rosidl_typesupport_fastrtps_cpp
[ 55%] Built target blackboard_interfaces__rosidl_typesupport_fastrtps_c
[ 65%] Built target blackboard_interfaces__rosidl_typesupport_cpp
[ 75%] Built target blackboard_interfaces__rosidl_typesupport_c
[ 75%] Built target blackboard_interfaces
[ 79%] Built target blackboard_interfaces__py
[ 86%] Built target blackboard_interfaces__python
[ 93%] Built target blackboard_interfaces__rosidl_typesupport_c__pyext
[100%] Built target blackboard_interfaces__rosidl_typesupport_fastrtps_c__pyext
[  3%] Built target blackboard_interfaces__cpp
[ 13%] Built target blackboard_interfaces__rosidl_generator_c
[ 34%] Built target blackboard_interfaces__rosidl_typesupport_introspection_c
[ 34%] Built target blackboard_interfaces__rosidl_typesupport_introspection_cpp
[ 44%] Built target blackboard_interfaces__rosidl_typesupport_fastrtps_cpp
[ 65%] Built target blackboard_interfaces__rosidl_typesupport_cpp
[ 65%] Built target blackboard_interfaces__rosidl_typesupport_fastrtps_c
[ 75%] Built target blackboard_interfaces__rosidl_typesupport_c
[ 75%] Built target blackboard_interfaces
[ 79%] Built target blackboard_interfaces__py
[ 86%] Built target blackboard_interfaces__python
[100%] Built target blackboard_interfaces__rosidl_typesupport_c__pyext
[100%] Built target blackboard_interfaces__rosidl_typesupport_fastrtps_c__pyext
[36mInstall the project...[0m
-- Install configuration: ""
-- Up-to-date: /home/student/git_repo/DCRC/RobotPackage/install/blackboard_interfaces/share/ament_index/resource_index/rosidl_interfaces/blackboard_interfaces
-- Up-to-date: /home/student/git_repo/DCRC/RobotPackage/install/blackboard_interfaces/include/blackboard_interfaces
-- Up-to-date: /home/student/git_repo/DCRC/RobotPackage/install/blackboard_interfaces/include/blackboard_interfaces/msg
-- Up-to-date: /home/student/git_repo/DCRC/RobotPackage/install/blackboard_interfaces/include/blackboard_interfaces/msg/task_msg.hpp
-- Up-to-date: /home/student/git_repo/DCRC/RobotPackage/install/blackboard_interfaces/include/blackboard_interfaces/msg/task_msg__struct.hpp
-- Up-to-date: /home/student/git_repo/DCRC/RobotPackage/install/blackboard_interfaces/include/blackboard_interfaces/msg/task_msg__traits.hpp
-- Up-to-date: /home/student/git_repo/DCRC/RobotPackage/install/blackboard_interfaces/include/blackboard_interfaces
-- Up-to-date: /home/student/git_repo/DCRC/RobotPackage/install/blackboard_interfaces/include/blackboard_interfaces/msg
-- Up-to-date: /home/student/git_repo/DCRC/RobotPackage/install/blackboard_interfaces/include/blackboard_interfaces/msg/task_msg__type_support.h
-- Up-to-date: /home/student/git_repo/DCRC/RobotPackage/install/blackboard_interfaces/include/blackboard_interfaces/msg/rosidl_generator_c__visibility_control.h
-- Up-to-date: /home/student/git_repo/DCRC/RobotPackage/install/blackboard_interfaces/include/blackboard_interfaces/msg/task_msg__functions.c
-- Up-to-date: /home/student/git_repo/DCRC/RobotPackage/install/blackboard_interfaces/include/blackboard_interfaces/msg/task_msg__struct.h
-- Up-to-date: /home/student/git_repo/DCRC/RobotPackage/install/blackboard_interfaces/include/blackboard_interfaces/msg/task_msg__functions.h
-- Up-to-date: /home/student/git_repo/DCRC/RobotPackage/install/blackboard_interfaces/include/blackboard_interfaces/msg/task_msg.h
-- Up-to-date: /home/student/git_repo/DCRC/RobotPackage/install/blackboard_interfaces/share/blackboard_interfaces/environment/library_path.sh
-- Up-to-date: /home/student/git_repo/DCRC/RobotPackage/install/blackboard_interfaces/lib/libblackboard_interfaces__rosidl_generator_c.so
-- Up-to-date: /home/student/git_repo/DCRC/RobotPackage/install/blackboard_interfaces/lib/libblackboard_interfaces__rosidl_typesupport_c.so
-- Up-to-date: /home/student/git_repo/DCRC/RobotPackage/install/blackboard_interfaces/lib/libblackboard_interfaces__rosidl_typesupport_cpp.so
-- Up-to-date: /home/student/git_repo/DCRC/RobotPackage/install/blackboard_interfaces/include/blackboard_interfaces
-- Up-to-date: /home/student/git_repo/DCRC/RobotPackage/install/blackboard_interfaces/include/blackboard_interfaces/msg
-- Up-to-date: /home/student/git_repo/DCRC/RobotPackage/install/blackboard_interfaces/include/blackboard_interfaces/msg/task_msg__type_support.c
-- Up-to-date: /home/student/git_repo/DCRC/RobotPackage/install/blackboard_interfaces/include/blackboard_interfaces/msg/rosidl_typesupport_introspection_c__visibility_control.h
-- Up-to-date: /home/student/git_repo/DCRC/RobotPackage/install/blackboard_interfaces/include/blackboard_interfaces/msg/task_msg__rosidl_typesupport_introspection_c.h
-- Up-to-date: /home/student/git_repo/DCRC/RobotPackage/install/blackboard_interfaces/lib/libblackboard_interfaces__rosidl_typesupport_introspection_c.so
-- Up-to-date: /home/student/git_repo/DCRC/RobotPackage/install/blackboard_interfaces/include/blackboard_interfaces
-- Up-to-date: /home/student/git_repo/DCRC/RobotPackage/install/blackboard_interfaces/include/blackboard_interfaces/msg
-- Up-to-date: /home/student/git_repo/DCRC/RobotPackage/install/blackboard_interfaces/include/blackboard_interfaces/msg/task_msg__type_support.cpp
-- Up-to-date: /home/student/git_repo/DCRC/RobotPackage/install/blackboard_interfaces/include/blackboard_interfaces/msg/task_msg__rosidl_typesupport_introspection_cpp.hpp
-- Up-to-date: /home/student/git_repo/DCRC/RobotPackage/install/blackboard_interfaces/lib/libblackboard_interfaces__rosidl_typesupport_introspection_cpp.so
-- Up-to-date: /home/student/git_repo/DCRC/RobotPackage/install/blackboard_interfaces/include/blackboard_interfaces
-- Up-to-date: /home/student/git_repo/DCRC/RobotPackage/install/blackboard_interfaces/include/blackboard_interfaces/msg
-- Up-to-date: /home/student/git_repo/DCRC/RobotPackage/install/blackboard_interfaces/include/blackboard_interfaces/msg/rosidl_typesupport_fastrtps_c__visibility_control.h
-- Up-to-date: /home/student/git_repo/DCRC/RobotPackage/install/blackboard_interfaces/include/blackboard_interfaces/msg/task_msg__rosidl_typesupport_fastrtps_c.h
-- Up-to-date: /home/student/git_repo/DCRC/RobotPackage/install/blackboard_interfaces/lib/libblackboard_interfaces__rosidl_typesupport_fastrtps_c.so
-- Up-to-date: /home/student/git_repo/DCRC/RobotPackage/install/blackboard_interfaces/include/blackboard_interfaces
-- Up-to-date: /home/student/git_repo/DCRC/RobotPackage/install/blackboard_interfaces/include/blackboard_interfaces/msg
-- Up-to-date: /home/student/git_repo/DCRC/RobotPackage/install/blackboard_interfaces/include/blackboard_interfaces/msg/task_msg__rosidl_typesupport_fastrtps_cpp.hpp
-- Up-to-date: /home/student/git_repo/DCRC/RobotPackage/install/blackboard_interfaces/include/blackboard_interfaces/msg/dds_fastrtps
-- Up-to-date: /home/student/git_repo/DCRC/RobotPackage/install/blackboard_interfaces/include/blackboard_interfaces/msg/rosidl_typesupport_fastrtps_cpp__visibility_control.h
-- Up-to-date: /home/student/git_repo/DCRC/RobotPackage/install/blackboard_interfaces/lib/libblackboard_interfaces__rosidl_typesupport_fastrtps_cpp.so
-- Up-to-date: /home/student/git_repo/DCRC/RobotPackage/install/blackboard_interfaces/share/blackboard_interfaces/environment/pythonpath.sh
-- Installing: /home/student/git_repo/DCRC/RobotPackage/install/blackboard_interfaces/lib/python3.6/site-packages/blackboard_interfaces/__init__.py
Compiling '/home/student/git_repo/DCRC/RobotPackage/install/blackboard_interfaces/lib/python3.6/site-packages/blackboard_interfaces/__init__.py'...
-- Up-to-date: /home/student/git_repo/DCRC/RobotPackage/install/blackboard_interfaces/lib/python3.6/site-packages/blackboard_interfaces/msg
-- Up-to-date: /home/student/git_repo/DCRC/RobotPackage/install/blackboard_interfaces/lib/python3.6/site-packages/blackboard_interfaces/msg/_task_msg.py
-- Up-to-date: /home/student/git_repo/DCRC/RobotPackage/install/blackboard_interfaces/lib/python3.6/site-packages/blackboard_interfaces/msg/_task_msg_s.c
-- Up-to-date: /home/student/git_repo/DCRC/RobotPackage/install/blackboard_interfaces/lib/python3.6/site-packages/blackboard_interfaces/msg/__init__.py
-- Up-to-date: /home/student/git_repo/DCRC/RobotPackage/install/blackboard_interfaces/lib/python3.6/site-packages/blackboard_interfaces/blackboard_interfaces_s__rosidl_typesupport_c.cpython-36m-x86_64-linux-gnu.so
-- Up-to-date: /home/student/git_repo/DCRC/RobotPackage/install/blackboard_interfaces/lib/python3.6/site-packages/blackboard_interfaces/blackboard_interfaces_s__rosidl_typesupport_fastrtps_c.cpython-36m-x86_64-linux-gnu.so
-- Up-to-date: /home/student/git_repo/DCRC/RobotPackage/install/blackboard_interfaces/lib/libblackboard_interfaces__python.so
-- Up-to-date: /home/student/git_repo/DCRC/RobotPackage/install/blackboard_interfaces/share/blackboard_interfaces/msg/TaskMsg.idl
-- Up-to-date: /home/student/git_repo/DCRC/RobotPackage/install/blackboard_interfaces/share/blackboard_interfaces/msg/TaskMsg.msg
-- Up-to-date: /home/student/git_repo/DCRC/RobotPackage/install/blackboard_interfaces/share/ament_index/resource_index/package_run_dependencies/blackboard_interfaces
-- Up-to-date: /home/student/git_repo/DCRC/RobotPackage/install/blackboard_interfaces/share/ament_index/resource_index/parent_prefix_path/blackboard_interfaces
-- Up-to-date: /home/student/git_repo/DCRC/RobotPackage/install/blackboard_interfaces/share/blackboard_interfaces/environment/ament_prefix_path.sh
-- Up-to-date: /home/student/git_repo/DCRC/RobotPackage/install/blackboard_interfaces/share/blackboard_interfaces/environment/path.sh
-- Up-to-date: /home/student/git_repo/DCRC/RobotPackage/install/blackboard_interfaces/share/blackboard_interfaces/local_setup.bash
-- Up-to-date: /home/student/git_repo/DCRC/RobotPackage/install/blackboard_interfaces/share/blackboard_interfaces/local_setup.sh
-- Up-to-date: /home/student/git_repo/DCRC/RobotPackage/install/blackboard_interfaces/share/blackboard_interfaces/local_setup.zsh
-- Up-to-date: /home/student/git_repo/DCRC/RobotPackage/install/blackboard_interfaces/share/ament_index/resource_index/packages/blackboard_interfaces
-- Up-to-date: /home/student/git_repo/DCRC/RobotPackage/install/blackboard_interfaces/share/blackboard_interfaces/cmake/rosidl_cmake-extras.cmake
-- Up-to-date: /home/student/git_repo/DCRC/RobotPackage/install/blackboard_interfaces/share/blackboard_interfaces/cmake/ament_cmake_export_dependencies-extras.cmake
-- Up-to-date: /home/student/git_repo/DCRC/RobotPackage/install/blackboard_interfaces/share/blackboard_interfaces/cmake/ament_cmake_export_include_directories-extras.cmake
-- Up-to-date: /home/student/git_repo/DCRC/RobotPackage/install/blackboard_interfaces/share/blackboard_interfaces/cmake/ament_cmake_export_libraries-extras.cmake
-- Up-to-date: /home/student/git_repo/DCRC/RobotPackage/install/blackboard_interfaces/share/blackboard_interfaces/cmake/blackboard_interfacesConfig.cmake
-- Up-to-date: /home/student/git_repo/DCRC/RobotPackage/install/blackboard_interfaces/share/blackboard_interfaces/cmake/blackboard_interfacesConfig-version.cmake
-- Installing: /home/student/git_repo/DCRC/RobotPackage/install/blackboard_interfaces/share/blackboard_interfaces/package.xml
