[0.177s] Invoking command in '/home/student/git_repo/DCRC/RobotPackage/build/blackboard_interfaces': CMAKE_PREFIX_PATH=/home/student/git_repo/DCRC/RobotPackage/install/RobotPackage:/opt/ros/dashing /usr/bin/cmake --build /home/student/git_repo/DCRC/RobotPackage/build/blackboard_interfaces -- -j12 -l12
[0.206s] -- Found ament_cmake: 0.7.6 (/opt/ros/dashing/share/ament_cmake/cmake)
[0.227s] -- Found PythonInterp: /usr/bin/python3 (found suitable version "3.6.9", minimum required is "3") 
[0.227s] -- Using PYTHON_EXECUTABLE: /usr/bin/python3
[0.368s] -- Found geometry_msgs: 0.7.1 (/opt/ros/dashing/share/geometry_msgs/cmake)
[0.376s] -- Found rosidl_adapter: 0.7.10 (/opt/ros/dashing/share/rosidl_adapter/cmake)
[0.404s] -- Found rosidl_default_generators: 0.7.0 (/opt/ros/dashing/share/rosidl_default_generators/cmake)
[0.493s] -- Found PythonInterp: /usr/bin/python3 (found version "3.6.9") 
[0.686s] -- Using single matching rosidl_typesupport_c: rosidl_typesupport_fastrtps_c
[0.718s] -- Using single matching rosidl_typesupport_cpp: rosidl_typesupport_fastrtps_cpp
[0.901s] -- Found rmw_implementation_cmake: 0.7.2 (/opt/ros/dashing/share/rmw_implementation_cmake/cmake)
[0.921s] -- Found PythonInterp: /usr/bin/python3 (found suitable version "3.6.9", minimum required is "3.5") 
[0.921s] -- Found python_cmake_module: 0.7.11 (/opt/ros/dashing/share/python_cmake_module/cmake)
[0.942s] -- Using PYTHON_EXECUTABLE: /usr/bin/python3
[0.942s] -- Using PYTHON_INCLUDE_DIRS: /usr/include/python3.6m
[0.942s] -- Using PYTHON_LIBRARIES: /usr/lib/x86_64-linux-gnu/libpython3.6m.so
[1.035s] -- Found ament_lint_auto: 0.7.12 (/opt/ros/dashing/share/ament_lint_auto/cmake)
[1.043s] -- Added test 'lint_cmake' to check CMake code style
[1.043s] -- Added test 'xmllint' to check XML markup files
[1.046s] -- Configuring done
[1.166s] -- Generating done
[1.168s] -- Build files have been written to: /home/student/git_repo/DCRC/RobotPackage/build/blackboard_interfaces
[1.197s] [  3%] Built target blackboard_interfaces__cpp
[1.198s] [ 13%] Built target blackboard_interfaces__rosidl_generator_c
[1.217s] [ 24%] Built target blackboard_interfaces__rosidl_typesupport_introspection_cpp
[1.223s] [ 34%] Built target blackboard_interfaces__rosidl_typesupport_introspection_c
[1.224s] [ 44%] Built target blackboard_interfaces__rosidl_typesupport_fastrtps_cpp
[1.246s] [ 62%] Built target blackboard_interfaces__rosidl_typesupport_fastrtps_c
[1.246s] [ 65%] Built target blackboard_interfaces__rosidl_typesupport_cpp
[1.268s] [ 75%] Built target blackboard_interfaces__rosidl_typesupport_c
[1.284s] [ 75%] Built target blackboard_interfaces
[1.303s] [ 79%] Built target blackboard_interfaces__py
[1.330s] [ 86%] Built target blackboard_interfaces__python
[1.358s] [ 96%] Built target blackboard_interfaces__rosidl_typesupport_fastrtps_c__pyext
[1.358s] [100%] Built target blackboard_interfaces__rosidl_typesupport_c__pyext
